2023-12-01 14:22:19,899 - INFO - New user added: santosi@aic.com by test
2023-12-01 14:26:09,270 - INFO - New Asset added with Number: AIC/GEN/GEN/1 by test
2023-12-01 14:26:09,270 - INFO - New Asset added with Number: AIC/GEN/GEN/1 by test
2023-12-01 14:26:09,270 - INFO - New Asset added with Number: AIC/GEN/GEN/1 by test
2023-12-01 14:26:09,270 - INFO - New Asset added with Number: AIC/GEN/GEN/1 by test
2023-12-01 14:26:09,270 - INFO - New Asset added with Number: AIC/GEN/GEN/1 by test
2023-12-01 14:26:09,270 - INFO - New Asset added with Number: AIC/GEN/GEN/1 by test
2023-12-01 14:26:09,270 - INFO - New Asset added with Number: AIC/GEN/GEN/1 by test
2023-12-01 14:22:19,899 - INFO - New user added: santosi@aic.com by test
2023-12-01 14:26:09,270 - INFO - New Asset added with Number: AIC/GEN/GEN/1 by test
2023-12-01 14:26:09,270 - INFO - New Asset added with Number: AIC/GEN/GEN/1 by test
2023-12-01 14:26:09,270 - INFO - New Asset added with Number: AIC/GEN/GEN/1 by test
2023-12-01 14:26:09,270 - INFO - New Asset added with Number: AIC/GEN/GEN/1 by test
2023-12-01 14:26:09,270 - INFO - New Asset added with Number: AIC/GEN/GEN/1 by test
2023-12-01 14:26:09,270 - INFO - New Asset added with Number: AIC/GEN/GEN/1 by test
2023-12-01 14:26:09,270 - INFO - New Asset added with Number: AIC/GEN/GEN/1 by test
2023-12-04 10:54:37,497 - INFO - New user added: f@f.com by test
2023-12-06 11:01:48,662 - INFO - New Asset added with Number: AIC/GUJ/PC/6 by test
2023-12-06 11:05:58,458 - INFO - New Asset added with Number: AIC/BLR/HDD/1 by test
2023-12-06 11:09:00,230 - INFO - New Asset added with Number: AIC/BHP/PC/1 by test
2023-12-06 11:12:03,043 - INFO - New Asset added with Number: AIC/BLR/LJP/1 by saqib
2023-12-07 10:43:39,134 - INFO - New Asset added with Number: AIC/GUJ/HDD/2 by test
2023-12-07 10:46:18,034 - INFO - New Asset added with Number: AIC/GUJ/PC/9 by test
2023-12-07 16:41:27,026 - INFO - New Asset added with Number: AIC/GUJ/MTR/1 by test
2023-12-08 10:34:10,084 - INFO - New Asset added with Number: AIC/BLR/MTR/1 by mgtndl.test
2023-12-08 12:13:15,292 - INFO - New user added: pragyan@aicofindia.com by mgtndl.test
2023-12-08 12:15:34,654 - INFO - New Asset added with Number: AIC/DDN/PC/2 by mgtndl.test
